Arguments: 
  /usr/local/bin/node /Users/flitbase-treasure-o/.node/corepack/yarn/1.22.15/bin/yarn.js add express -D

PATH: 
  /Users/flitbase-treasure-o/Library/Android/sdk/platform-tools:/usr/local/bin:/usr/bin:/bin:/usr/sbin:/sbin

Yarn version: 
  1.22.15

Node version: 
  16.14.0

Platform: 
  darwin x64

Trace: 
  Error: https://registry.yarnpkg.com/typescript: ESOCKETTIMEDOUT
      at ClientRequest.<anonymous> (/Users/flitbase-treasure-o/.node/corepack/yarn/1.22.15/lib/cli.js:141512:19)
      at Object.onceWrapper (node:events:639:28)
      at ClientRequest.emit (node:events:520:28)
      at TLSSocket.emitRequestTimeout (node:_http_client:758:9)
      at Object.onceWrapper (node:events:639:28)
      at TLSSocket.emit (node:events:532:35)
      at TLSSocket.Socket._onTimeout (node:net:501:8)
      at listOnTimeout (node:internal/timers:559:17)
      at processTimers (node:internal/timers:502:7)

npm manifest: 
  {
    "name": "@obisiket1/express-utils",
    "version": "0.0.5",
    "description": "This is a library of utility decorators, components, and functions that can be used together with typescript express",
    "main": "build/src/index.js",
    "types": "build/src/index.d.ts",
    "repository": "https://github.com/Otrex/express-utils.git",
    "author": "Obisike Treasure",
    "license": "MIT",
    "devDependencies": {
      "@types/express": "^4.17.13",
      "typescript": "^4.6.4"
    }
  }

yarn manifest: 
  No manifest

Lockfile: 
  No lockfile
